TN:
SF:test/complete-profile.js
FN:3,isValidProfile
FNF:1
FNH:1
FNDA:10,isValidProfile
DA:4,10
DA:5,10
DA:6,10
DA:7,10
DA:8,10
DA:9,10
DA:11,10
DA:12,8
DA:13,6
DA:14,5
DA:15,3
DA:16,2
DA:18,0
DA:22,1
LF:14
LH:13
BRDA:11,0,0,2
BRDA:11,0,1,8
BRDA:11,1,0,10
BRDA:11,1,1,9
BRDA:12,2,0,2
BRDA:12,2,1,6
BRDA:12,3,0,8
BRDA:12,3,1,7
BRDA:13,4,0,1
BRDA:13,4,1,5
BRDA:14,5,0,2
BRDA:14,5,1,3
BRDA:14,6,0,5
BRDA:14,6,1,4
BRDA:15,7,0,1
BRDA:15,7,1,2
BRDA:16,8,0,2
BRDA:16,8,1,0
BRDA:16,9,0,2
BRDA:16,9,1,1
BRF:20
BRH:19
end_of_record
TN:
SF:test/register-validation.js
FN:1,isValidRegistrationForm
FNF:1
FNH:1
FNDA:3,isValidRegistrationForm
DA:2,3
DA:3,3
DA:5,3
DA:6,2
DA:7,2
DA:10,1
DA:13,1
LF:7
LH:7
BRDA:5,0,0,2
BRDA:5,0,1,1
BRDA:5,1,0,3
BRDA:5,1,1,2
BRF:4
BRH:4
end_of_record
